\BOOKMARK [1][-]{section.1}{\376\377\0001\000.\000\040\000T\000i\000t\000e\000l\000\040\000u\000n\000d\000\040\000F\000o\000r\000s\000c\000h\000u\000n\000g\000s\000f\000r\000a\000g\000e}{}% 1
\BOOKMARK [1][-]{section.2}{\376\377\0002\000.\000\040\000P\000i\000p\000e\000l\000i\000n\000e\000-\000A\000r\000c\000h\000i\000t\000e\000k\000t\000u\000r}{}% 2
\BOOKMARK [1][-]{section.3}{\376\377\0003\000.\000\040\000S\000e\000g\000m\000e\000n\000t\000i\000e\000r\000u\000n\000g\000s\000v\000e\000r\000g\000l\000e\000i\000c\000h\000\040\000\050\000n\000e\000u\000\051}{}% 3
\BOOKMARK [1][-]{section.4}{\376\377\0004\000.\000\040\000S\000c\000o\000p\000e\000-\000T\000r\000e\000n\000n\000u\000n\000g\000\040\000P\000A\000\040\000/\000\040\000B\000A}{}% 4
\BOOKMARK [2][-]{subsection.4.1}{\376\377\000P\000r\000o\000j\000e\000k\000t\000a\000r\000b\000e\000i\000t\000\040\000\050\000P\000A\000\051\000\040\040\023\000\040\0007\000\040\000E\000u\000r\000o\000p\000e\000a\000n\000\040\000C\000r\000e\000d\000i\000t\000\040\000T\000r\000a\000n\000s\000f\000e\000r\000\040\000S\000y\000s\000t\000e\000m\000\040\000\050\000E\000C\000T\000S\000\051\000,\000\040\0004\000\040\000W\000o\000c\000h\000e\000n\000\040\000n\000e\000t\000t\000o}{section.4}% 5
\BOOKMARK [2][-]{subsection.4.2}{\376\377\000B\000a\000c\000h\000e\000l\000o\000r\000a\000r\000b\000e\000i\000t\000\040\000\050\000B\000A\000\051\000\040\040\023\000\040\0001\0005\000\040\000E\000C\000T\000S\000,\000\040\0001\0000\000\040\000W\000o\000c\000h\000e\000n\000\040\000n\000e\000t\000t\000o}{section.4}% 6
\BOOKMARK [1][-]{section.5}{\376\377\0005\000.\000\040\000G\000i\000t\000H\000u\000b\000-\000R\000e\000p\000o\000s\000i\000t\000o\000r\000i\000e\000s}{}% 7
\BOOKMARK [1][-]{section.6}{\376\377\0006\000.\000\040\000P\000a\000p\000e\000r\000-\000R\000e\000f\000e\000r\000e\000n\000z\000e\000n}{}% 8
\BOOKMARK [2][-]{subsection.6.1}{\376\377\000K\000e\000r\000n\000-\000P\000a\000p\000e\000r\000\040\000\050\000d\000i\000r\000e\000k\000t\000\040\000i\000n\000\040\000P\000i\000p\000e\000l\000i\000n\000e\000\040\000g\000e\000n\000u\000t\000z\000t\000\051}{section.6}% 9
\BOOKMARK [2][-]{subsection.6.2}{\376\377\000V\000e\000r\000g\000l\000e\000i\000c\000h\000s\000s\000t\000u\000d\000i\000e\000n\000\040\000u\000n\000d\000\040\000B\000e\000n\000c\000h\000m\000a\000r\000k\000s}{section.6}% 10
\BOOKMARK [2][-]{subsection.6.3}{\376\377\000V\000a\000r\000i\000a\000n\000t\000e\000n\000\040\000\050\000S\000t\000a\000t\000e\000-\000o\000f\000-\000t\000h\000e\000-\000A\000r\000t\000\051}{section.6}% 11
\BOOKMARK [2][-]{subsection.6.4}{\376\377\000L\000a\000r\000g\000e\000-\000S\000c\000a\000l\000e\000\040\0003\000D\000G\000S\000\040\000\050\000S\000k\000a\000l\000i\000e\000r\000b\000a\000r\000k\000e\000i\000t\000\051}{section.6}% 12
\BOOKMARK [1][-]{section.7}{\376\377\0007\000.\000\040\000I\000n\000s\000t\000a\000l\000l\000a\000t\000i\000o\000n\000s\000-\000C\000h\000e\000c\000k\000l\000i\000s\000t\000e}{}% 13
\BOOKMARK [2][-]{subsection.7.1}{\376\377\000V\000o\000r\000a\000u\000s\000s\000e\000t\000z\000u\000n\000g\000:\000\040\000H\000a\000r\000d\000w\000a\000r\000e}{section.7}% 14
\BOOKMARK [2][-]{subsection.7.2}{\376\377\000C\000O\000L\000M\000A\000P}{section.7}% 15
\BOOKMARK [2][-]{subsection.7.3}{\376\377\000g\000s\000p\000l\000a\000t\000\040\000\050\0003\000D\000G\000S\000\040\000T\000r\000a\000i\000n\000i\000n\000g\000\051}{section.7}% 16
\BOOKMARK [2][-]{subsection.7.4}{\376\377\000S\000u\000G\000a\000R\000\040\000\050\000M\000e\000s\000h\000-\000E\000x\000t\000r\000a\000k\000t\000i\000o\000n\000\051}{section.7}% 17
\BOOKMARK [2][-]{subsection.7.5}{\376\377\000F\000l\000a\000s\000h\000S\000p\000l\000a\000t\000\040\000\050\000S\000e\000g\000m\000e\000n\000t\000i\000e\000r\000u\000n\000g\000\040\040\023\000\040\000t\000r\000a\000i\000n\000i\000n\000g\000s\000f\000r\000e\000i\000\051}{section.7}% 18
\BOOKMARK [2][-]{subsection.7.6}{\376\377\000G\000a\000u\000s\000s\000i\000a\000n\000\040\000G\000r\000o\000u\000p\000i\000n\000g\000\040\000\050\000S\000e\000g\000m\000e\000n\000t\000i\000e\000r\000u\000n\000g\000\040\040\023\000\040\000t\000r\000a\000i\000n\000i\000n\000g\000s\000b\000a\000s\000i\000e\000r\000t\000\051}{section.7}% 19
\BOOKMARK [2][-]{subsection.7.7}{\376\377\000D\000G\000t\000a\000l\000\040\000\050\000C\000e\000n\000t\000e\000r\000l\000i\000n\000e\000\051}{section.7}% 20
\BOOKMARK [2][-]{subsection.7.8}{\376\377\000G\000e\000o\000r\000e\000f\000e\000r\000e\000n\000z\000i\000e\000r\000u\000n\000g\000\040\000\050\000e\000i\000g\000e\000n\000e\000s\000\040\000S\000k\000r\000i\000p\000t\000\051}{section.7}% 21
\BOOKMARK [1][-]{section.8}{\376\377\0008\000.\000\040\000E\000v\000a\000l\000u\000a\000t\000i\000o\000n\000-\000F\000r\000a\000m\000e\000w\000o\000r\000k\000\040\000\050\000D\0001\040\023\000D\0006\000\051}{}% 22
\BOOKMARK [1][-]{section.9}{\376\377\0009\000.\000\040\000T\000e\000s\000t\000f\000e\000l\000d\000-\000D\000e\000s\000i\000g\000n\000\040\000\050\000C\000a\000m\000p\000u\000s\000,\000\040\000c\000a\000.\000\040\0002\0000\040\023\0003\0000\000m\000\051}{}% 23
\BOOKMARK [1][-]{section.10}{\376\377\0001\0000\000.\000\040\000S\000k\000a\000l\000i\000e\000r\000b\000a\000r\000k\000e\000i\000t\000:\000\040\000T\000i\000l\000e\000-\000b\000a\000s\000i\000e\000r\000t\000e\000s\000\040\000P\000r\000o\000c\000e\000s\000s\000i\000n\000g}{}% 24
\BOOKMARK [2][-]{subsection.10.1}{\376\377\000T\000i\000l\000e\000-\000S\000t\000r\000a\000t\000e\000g\000i\000e}{section.10}% 25
\BOOKMARK [2][-]{subsection.10.2}{\376\377\000M\000e\000r\000g\000e\000-\000S\000t\000r\000a\000t\000e\000g\000i\000e\000\040\000i\000m\000\040\000G\000I\000S}{section.10}% 26
\BOOKMARK [1][-]{section.11}{\376\377\0001\0001\000.\000\040\000R\000i\000s\000i\000k\000o\000m\000a\000t\000r\000i\000x}{}% 27
\BOOKMARK [2][-]{subsection.11.1}{\376\377\000E\000x\000t\000e\000r\000n\000e\000\040\000M\000a\000c\000h\000b\000a\000r\000k\000e\000i\000t\000s\000a\000n\000a\000l\000y\000s\000e\000\040\000\050\000V\000a\000l\000y\000u\000A\000I\000\051}{section.11}% 28
\BOOKMARK [1][-]{section.12}{\376\377\0001\0002\000.\000\040\000D\000i\000s\000k\000u\000s\000s\000i\000o\000n\000s\000p\000u\000n\000k\000t\000e\000\040\000f\000\374\000r\000\040\000d\000e\000n\000\040\000D\000o\000z\000e\000n\000t\000e\000n}{}% 29
